2019-01-07 18:23:06,316 INFO o.j.r.PluginManagerCMD: Command is: install-for-jmx
2019-01-07 18:23:06,842 INFO o.j.r.JARSourceHTTP: Found cached repo
2019-01-07 18:23:07,057 INFO o.j.r.PluginManager: Plugins Status: [jpgc-functions=2.1, jpgc-casutg=2.5, jpgc-dummy=0.2, jpgc-ffw=2.0, jpgc-fifo=0.2, jpgc-json=2.7, jpgc-prmctl=0.4, jpgc-perfmon=2.1, jpgc-plugins-manager=1.3, jpgc-tst=2.5, jmeter-core=4.0, jmeter-ftp=4.0, jmeter-http=4.0, jmeter-jdbc=4.0, jmeter-jms=4.0, jmeter-junit=4.0, jmeter-java=4.0, jmeter-ldap=4.0, jmeter-mail=4.0, jmeter-mongodb=4.0, jmeter-native=4.0, jmeter-tcp=4.0, jmeter-components=4.0]
2019-01-07 18:23:07,060 INFO o.j.r.PluginManagerCMD: Params line is: D:\workspace\Taurus Lab Resources\2019-01-07_18-23-04.883623\modified_requests.jmx
2019-01-07 18:23:07,326 INFO o.a.j.s.SaveService: Testplan (JMX) version: 2.2. Testlog (JTL) version: 2.2
2019-01-07 18:23:07,338 INFO o.a.j.s.SaveService: Using SaveService properties file encoding UTF-8
2019-01-07 18:23:07,349 INFO o.a.j.s.SaveService: Using SaveService properties version 4.0
2019-01-07 18:23:07,386 INFO o.a.j.p.h.c.CacheManager: Will only cache the following methods: [GET]
2019-01-07 18:23:07,389 INFO o.a.j.p.h.c.CookieManager: Settings: Delete null: true Check: true Allow variable: true Save: false Prefix: COOKIE_
2019-01-07 18:23:07,392 WARN o.a.j.u.JMeterUtils: ERROR! Resource string not found: [option]
2019-01-07 18:23:07,392 WARN o.a.j.u.JMeterUtils: ERROR! Resource string not found: [add]
2019-01-07 18:23:07,393 WARN o.a.j.u.JMeterUtils: ERROR! Resource string not found: [add_host]
2019-01-07 18:23:07,393 WARN o.a.j.u.JMeterUtils: ERROR! Resource string not found: [delete]
2019-01-07 18:23:07,393 WARN o.a.j.u.JMeterUtils: ERROR! Resource string not found: [delete_host]
2019-01-07 18:23:07,393 WARN o.a.j.u.JMeterUtils: ERROR! Resource string not found: [use_system_dns_resolver]
2019-01-07 18:23:07,393 WARN o.a.j.u.JMeterUtils: ERROR! Resource string not found: [use_custom_dns_resolver]
2019-01-07 18:23:07,393 WARN o.a.j.u.JMeterUtils: ERROR! Resource string not found: [dns_hostname_or_ip]
2019-01-07 18:23:07,393 WARN o.a.j.u.JMeterUtils: ERROR! Resource string not found: [dns_host]
2019-01-07 18:23:07,394 WARN o.a.j.u.JMeterUtils: ERROR! Resource string not found: [dns_hostname_or_ip]
2019-01-07 18:23:07,518 INFO o.a.j.p.h.s.HTTPSamplerBase: Parser for text/html is org.apache.jmeter.protocol.http.parser.LagartoBasedHtmlParser
2019-01-07 18:23:07,518 INFO o.a.j.p.h.s.HTTPSamplerBase: Parser for application/xhtml+xml is org.apache.jmeter.protocol.http.parser.LagartoBasedHtmlParser
2019-01-07 18:23:07,518 INFO o.a.j.p.h.s.HTTPSamplerBase: Parser for application/xml is org.apache.jmeter.protocol.http.parser.LagartoBasedHtmlParser
2019-01-07 18:23:07,518 INFO o.a.j.p.h.s.HTTPSamplerBase: Parser for text/xml is org.apache.jmeter.protocol.http.parser.LagartoBasedHtmlParser
2019-01-07 18:23:07,519 INFO o.a.j.p.h.s.HTTPSamplerBase: Parser for text/vnd.wap.wml is org.apache.jmeter.protocol.http.parser.RegexpHTMLParser
2019-01-07 18:23:07,519 INFO o.a.j.p.h.s.HTTPSamplerBase: Parser for text/css is org.apache.jmeter.protocol.http.parser.CssParser
2019-01-07 18:23:07,562 INFO o.j.r.PluginManager: Finishing without changes
